{"time":"2024-10-31T01:01:06.695676999+07:00","level":"INFO","msg":"starting http server"}
{"time":"2024-10-31T01:01:20.244310385+07:00","level":"DEBUG","msg":"register user start","layer":"application","pkg":"services","function":"UserService.Register","username":"string"}
{"time":"2024-10-31T01:01:20.293040624+07:00","level":"DEBUG","msg":"create user start","layer":"infrastructure","pkg":"postgres_user_repository","function":"UserRepository.Create","username":"string"}
{"time":"2024-10-31T01:01:20.297073075+07:00","level":"DEBUG","msg":"create user end","layer":"infrastructure","pkg":"postgres_user_repository","function":"UserRepository.Create","username":"string"}
{"time":"2024-10-31T01:01:20.298484681+07:00","level":"DEBUG","msg":"register user end","layer":"application","pkg":"services","function":"UserService.Register","username":"string"}
{"time":"2024-10-31T01:01:20.398152071+07:00","level":"DEBUG","msg":"register user start","layer":"application","pkg":"services","function":"UserService.Register","username":"string"}
{"time":"2024-10-31T01:01:20.446874004+07:00","level":"DEBUG","msg":"create user start","layer":"infrastructure","pkg":"postgres_user_repository","function":"UserRepository.Create","username":"string"}
{"time":"2024-10-31T01:01:20.449765675+07:00","level":"DEBUG","msg":"create user end","layer":"infrastructure","pkg":"postgres_user_repository","function":"UserRepository.Create","username":"string"}
{"time":"2024-10-31T01:01:20.450392049+07:00","level":"DEBUG","msg":"register user end","layer":"application","pkg":"services","function":"UserService.Register","username":"string"}
{"time":"2024-10-31T01:01:20.55762146+07:00","level":"DEBUG","msg":"register user start","layer":"application","pkg":"services","function":"UserService.Register","username":"string"}
{"time":"2024-10-31T01:01:20.605968017+07:00","level":"DEBUG","msg":"create user start","layer":"infrastructure","pkg":"postgres_user_repository","function":"UserRepository.Create","username":"string"}
{"time":"2024-10-31T01:01:20.60879705+07:00","level":"DEBUG","msg":"create user end","layer":"infrastructure","pkg":"postgres_user_repository","function":"UserRepository.Create","username":"string"}
{"time":"2024-10-31T01:01:20.610137827+07:00","level":"DEBUG","msg":"register user end","layer":"application","pkg":"services","function":"UserService.Register","username":"string"}
{"time":"2024-10-31T01:01:20.705377989+07:00","level":"DEBUG","msg":"register user start","layer":"application","pkg":"services","function":"UserService.Register","username":"string"}
{"time":"2024-10-31T01:01:20.753542001+07:00","level":"DEBUG","msg":"create user start","layer":"infrastructure","pkg":"postgres_user_repository","function":"UserRepository.Create","username":"string"}
{"time":"2024-10-31T01:01:20.756416454+07:00","level":"DEBUG","msg":"create user end","layer":"infrastructure","pkg":"postgres_user_repository","function":"UserRepository.Create","username":"string"}
{"time":"2024-10-31T01:01:20.757814499+07:00","level":"DEBUG","msg":"register user end","layer":"application","pkg":"services","function":"UserService.Register","username":"string"}
{"time":"2024-10-31T01:01:20.867891375+07:00","level":"DEBUG","msg":"register user start","layer":"application","pkg":"services","function":"UserService.Register","username":"string"}
{"time":"2024-10-31T01:01:20.916208865+07:00","level":"DEBUG","msg":"create user start","layer":"infrastructure","pkg":"postgres_user_repository","function":"UserRepository.Create","username":"string"}
{"time":"2024-10-31T01:01:20.919056592+07:00","level":"DEBUG","msg":"create user end","layer":"infrastructure","pkg":"postgres_user_repository","function":"UserRepository.Create","username":"string"}
{"time":"2024-10-31T01:01:20.920442554+07:00","level":"DEBUG","msg":"register user end","layer":"application","pkg":"services","function":"UserService.Register","username":"string"}
{"time":"2024-10-31T01:01:21.032582582+07:00","level":"DEBUG","msg":"register user start","layer":"application","pkg":"services","function":"UserService.Register","username":"string"}
{"time":"2024-10-31T01:01:21.081057762+07:00","level":"DEBUG","msg":"create user start","layer":"infrastructure","pkg":"postgres_user_repository","function":"UserRepository.Create","username":"string"}
{"time":"2024-10-31T01:01:21.083725368+07:00","level":"DEBUG","msg":"create user end","layer":"infrastructure","pkg":"postgres_user_repository","function":"UserRepository.Create","username":"string"}
{"time":"2024-10-31T01:01:21.085039306+07:00","level":"DEBUG","msg":"register user end","layer":"application","pkg":"services","function":"UserService.Register","username":"string"}
{"time":"2024-10-31T01:05:38.816566618+07:00","level":"DEBUG","msg":"register user start","layer":"application","pkg":"services","function":"UserService.Register","username":"string"}
{"time":"2024-10-31T01:05:38.864876028+07:00","level":"DEBUG","msg":"create user start","layer":"infrastructure","pkg":"postgres_user_repository","function":"UserRepository.Create","username":"string"}
{"time":"2024-10-31T01:05:38.868060442+07:00","level":"DEBUG","msg":"create user end","layer":"infrastructure","pkg":"postgres_user_repository","function":"UserRepository.Create","username":"string"}
{"time":"2024-10-31T01:05:38.869485639+07:00","level":"DEBUG","msg":"register user end","layer":"application","pkg":"services","function":"UserService.Register","username":"string"}
{"time":"2024-10-31T01:05:38.975452304+07:00","level":"DEBUG","msg":"register user start","layer":"application","pkg":"services","function":"UserService.Register","username":"string"}
{"time":"2024-10-31T01:05:39.023864951+07:00","level":"DEBUG","msg":"create user start","layer":"infrastructure","pkg":"postgres_user_repository","function":"UserRepository.Create","username":"string"}
{"time":"2024-10-31T01:05:39.026748145+07:00","level":"DEBUG","msg":"create user end","layer":"infrastructure","pkg":"postgres_user_repository","function":"UserRepository.Create","username":"string"}
{"time":"2024-10-31T01:05:39.028156004+07:00","level":"DEBUG","msg":"register user end","layer":"application","pkg":"services","function":"UserService.Register","username":"string"}
{"time":"2024-10-31T01:05:39.124890123+07:00","level":"DEBUG","msg":"register user start","layer":"application","pkg":"services","function":"UserService.Register","username":"string"}
{"time":"2024-10-31T01:05:39.172782672+07:00","level":"DEBUG","msg":"create user start","layer":"infrastructure","pkg":"postgres_user_repository","function":"UserRepository.Create","username":"string"}
{"time":"2024-10-31T01:05:39.175538806+07:00","level":"DEBUG","msg":"create user end","layer":"infrastructure","pkg":"postgres_user_repository","function":"UserRepository.Create","username":"string"}
{"time":"2024-10-31T01:05:39.176876482+07:00","level":"DEBUG","msg":"register user end","layer":"application","pkg":"services","function":"UserService.Register","username":"string"}
{"time":"2024-10-31T01:05:39.272629283+07:00","level":"DEBUG","msg":"register user start","layer":"application","pkg":"services","function":"UserService.Register","username":"string"}
{"time":"2024-10-31T01:05:39.321091771+07:00","level":"DEBUG","msg":"create user start","layer":"infrastructure","pkg":"postgres_user_repository","function":"UserRepository.Create","username":"string"}
{"time":"2024-10-31T01:05:39.323957486+07:00","level":"DEBUG","msg":"create user end","layer":"infrastructure","pkg":"postgres_user_repository","function":"UserRepository.Create","username":"string"}
{"time":"2024-10-31T01:05:39.325339155+07:00","level":"DEBUG","msg":"register user end","layer":"application","pkg":"services","function":"UserService.Register","username":"string"}
{"time":"2024-10-31T01:05:39.432957407+07:00","level":"DEBUG","msg":"register user start","layer":"application","pkg":"services","function":"UserService.Register","username":"string"}
{"time":"2024-10-31T01:05:39.481130073+07:00","level":"DEBUG","msg":"create user start","layer":"infrastructure","pkg":"postgres_user_repository","function":"UserRepository.Create","username":"string"}
{"time":"2024-10-31T01:05:39.484059885+07:00","level":"DEBUG","msg":"create user end","layer":"infrastructure","pkg":"postgres_user_repository","function":"UserRepository.Create","username":"string"}
{"time":"2024-10-31T01:05:39.48555627+07:00","level":"DEBUG","msg":"register user end","layer":"application","pkg":"services","function":"UserService.Register","username":"string"}
{"time":"2024-10-31T01:05:49.099344055+07:00","level":"INFO","msg":"stopping http server"}
